[    0.000000] Initializing cgroup subsys cpuset
[    0.000000] Initializing cgroup subsys cpu
[    0.000000] Initializing cgroup subsys cpuacct
[    0.000000] Linux version 4.4.0-210-generic (buildd@lgw01-amd64-009) (gcc version 5.4.0 20160609 (Ubuntu 5.4.0-6ubuntu1~16.04.12) ) #242-Ubuntu SMP Fri Apr 16 09:57:56 UTC 2021 (Ubuntu 4.4.0-210.242-generic 4.4.262)
[    0.000000] Command line: BOOT_IMAGE=/boot/vmlinuz-4.4.0-210-generic root=LABEL=cloudimg-rootfs ro console=tty1 console=ttyS0
[    0.000000] KERNEL supported cpus:
[    0.000000]   Intel GenuineIntel
[    0.000000]   AMD AuthenticAMD
[    0.000000]   Centaur CentaurHauls
[    0.000000] x86/fpu: xstate_offset[2]:  576, xstate_sizes[2]:  256
[    0.000000] x86/fpu: Supporting XSAVE feature 0x01: 'x87 floating point registers'
[    0.000000] x86/fpu: Supporting XSAVE feature 0x02: 'SSE registers'
[    0.000000] x86/fpu: Supporting XSAVE feature 0x04: 'AVX registers'
[    0.000000] x86/fpu: Enabled xstate features 0x7, context size is 832 bytes, using 'standard' format.
[    0.000000] e820: BIOS-provided physical RAM map:
[    0.000000] BIOS-e820: [mem 0x0000000000000000-0x000000000009fbff] usable
[    0.000000] BIOS-e820: [mem 0x000000000009fc00-0x000000000009ffff] reserved
[    0.000000] BIOS-e820: [mem 0x00000000000f0000-0x00000000000fffff] reserved
[    0.000000] BIOS-e820: [mem 0x0000000000100000-0x000000003ffeffff] usable
[    0.000000] BIOS-e820: [mem 0x000000003fff0000-0x000000003fffffff] ACPI data
[    0.000000] BIOS-e820: [mem 0x00000000fec00000-0x00000000fec00fff] reserved
[    0.000000] BIOS-e820: [mem 0x00000000fee00000-0x00000000fee00fff] reserved
[    0.000000] BIOS-e820: [mem 0x00000000fffc0000-0x00000000ffffffff] reserved
[    0.000000] NX (Execute Disable) protection: active
[    0.000000] SMBIOS 2.5 present.
[    0.000000] Hypervisor detected: KVM
[    0.000000] e820: last_pfn = 0x3fff0 max_arch_pfn = 0x400000000
[    0.000000] MTRR: Disabled
[    0.000000] x86/PAT: MTRRs disabled, skipping PAT initialization too.
[    0.000000] CPU MTRRs all blank - virtualized system.
[    0.000000] x86/PAT: Configuration [0-7]: WB  WT  UC- UC  WB  WT  UC- UC  
[    0.000000] found SMP MP-table at [mem 0x0009fff0-0x0009ffff] mapped at [ffff88000009fff0]
[    0.000000] Scanning 1 areas for low memory corruption
[    0.000000] RAMDISK: [mem 0x362dc000-0x37165fff]
[    0.000000] ACPI: Early table checksum verification disabled
[    0.000000] ACPI: RSDP 0x00000000000E0000 000024 (v02 VBOX  )
[    0.000000] ACPI: XSDT 0x000000003FFF0030 00003C (v01 VBOX   VBOXXSDT 00000001 ASL  00000061)
[    0.000000] ACPI: FACP 0x000000003FFF00F0 0000F4 (v04 VBOX   VBOXFACP 00000001 ASL  00000061)
[    0.000000] ACPI: DSDT 0x000000003FFF0470 002325 (v02 VBOX   VBOXBIOS 00000002 INTL 20190509)
[    0.000000] ACPI: FACS 0x000000003FFF0200 000040
[    0.000000] ACPI: FACS 0x000000003FFF0200 000040
[    0.000000] ACPI: APIC 0x000000003FFF0240 00005C (v02 VBOX   VBOXAPIC 00000001 ASL  00000061)
[    0.000000] ACPI: SSDT 0x000000003FFF02A0 0001CC (v01 VBOX   VBOXCPUT 00000002 INTL 20190509)
[    0.000000] No NUMA configuration found
[    0.000000] Faking a node at [mem 0x0000000000000000-0x000000003ffeffff]
[    0.000000] NODE_DATA(0) allocated [mem 0x3ffeb000-0x3ffeffff]
[    0.000000] kvm-clock: Using msrs 4b564d01 and 4b564d00
[    0.000000] kvm-clock: cpu 0, msr 0:3ffe3001, primary cpu clock
[    0.000000] kvm-clock: using sched offset of 3242466053 cycles
[    0.000000] clocksource: kvm-clock: mask: 0xffffffffffffffff max_cycles: 0x1cd42e4dffb, max_idle_ns: 881590591483 ns
[    0.000000] Zone ranges:
[    0.000000]   DMA      [mem 0x0000000000001000-0x0000000000ffffff]
[    0.000000]   DMA32    [mem 0x0000000001000000-0x000000003ffeffff]
[    0.000000]   Normal   empty
[    0.000000]   Device   empty
[    0.000000] Movable zone start for each node
[    0.000000] Early memory node ranges
[    0.000000]   node   0: [mem 0x0000000000001000-0x000000000009efff]
[    0.000000]   node   0: [mem 0x0000000000100000-0x000000003ffeffff]
[    0.000000] Initmem setup node 0 [mem 0x0000000000001000-0x000000003ffeffff]
[    0.000000] ACPI: PM-Timer IO Port: 0x4008
[    0.000000] IOAPIC[0]: apic_id 2, version 32, address 0xfec00000, GSI 0-23
[    0.000000] ACPI: INT_SRC_OVR (bus 0 bus_irq 0 global_irq 2 dfl dfl)
[    0.000000] ACPI: INT_SRC_OVR (bus 0 bus_irq 9 global_irq 9 low level)
[    0.000000] Using ACPI (MADT) for SMP configuration information
[    0.000000] smpboot: Allowing 2 CPUs, 0 hotplug CPUs
[    0.000000] PM: Registered nosave memory: [mem 0x00000000-0x00000fff]
[    0.000000] PM: Registered nosave memory: [mem 0x0009f000-0x0009ffff]
[    0.000000] PM: Registered nosave memory: [mem 0x000a0000-0x000effff]
[    0.000000] PM: Registered nosave memory: [mem 0x000f0000-0x000fffff]
[    0.000000] e820: [mem 0x40000000-0xfebfffff] available for PCI devices
[    0.000000] Booting paravirtualized kernel on KVM
[    0.000000] clocksource: refined-jiffies: mask: 0xffffffff max_cycles: 0xffffffff, max_idle_ns: 7645519600211568 ns
[    0.000000] setup_percpu: NR_CPUS:512 nr_cpumask_bits:512 nr_cpu_ids:2 nr_node_ids:1
[    0.000000] PERCPU: Embedded 33 pages/cpu @ffff88003fc00000 s95192 r8192 d31784 u1048576
[    0.000000] Built 1 zonelists in Node order, mobility grouping on.  Total pages: 257912
[    0.000000] Policy zone: DMA32
[    0.000000] Kernel command line: BOOT_IMAGE=/boot/vmlinuz-4.4.0-210-generic root=LABEL=cloudimg-rootfs ro console=tty1 console=ttyS0
[    0.000000] PID hash table entries: 4096 (order: 3, 32768 bytes)
[    0.000000] Memory: 997792K/1048120K available (8644K kernel code, 1332K rwdata, 4044K rodata, 1492K init, 1164K bss, 50328K reserved, 0K cma-reserved)
[    0.000000] SLUB: HWalign=64, Order=0-3, MinObjects=0, CPUs=2, Nodes=1
[    0.000000] Kernel/User page tables isolation: enabled
[    0.000000] Hierarchical RCU implementation.
[    0.000000] 	Build-time adjustment of leaf fanout to 64.
[    0.000000] 	RCU restricting CPUs from NR_CPUS=512 to nr_cpu_ids=2.
[    0.000000] RCU: Adjusting geometry for rcu_fanout_leaf=64, nr_cpu_ids=2
[    0.000000] NR_IRQS:33024 nr_irqs:440 16
[    0.000000] Console: colour VGA+ 80x25
[    0.000000] console [tty1] enabled
[    0.000000] console [ttyS0] enabled
[    0.000000] tsc: Detected 1382.400 MHz processor
[    0.135470] Calibrating delay loop (skipped) preset value.. 2764.80 BogoMIPS (lpj=5529600)
[    0.137672] pid_max: default: 32768 minimum: 301
[    0.138386] ACPI: Core revision 20150930
[    0.139703] ACPI: 2 ACPI AML tables successfully acquired and loaded
[    0.141184] Security Framework initialized
[    0.142070] Yama: becoming mindful.
[    0.142852] AppArmor: AppArmor initialized
[    0.143768] Dentry cache hash table entries: 131072 (order: 8, 1048576 bytes)
[    0.147402] Inode-cache hash table entries: 65536 (order: 7, 524288 bytes)
[    0.148553] Mount-cache hash table entries: 2048 (order: 2, 16384 bytes)
[    0.149878] Mountpoint-cache hash table entries: 2048 (order: 2, 16384 bytes)
[    0.154309] Initializing cgroup subsys io
[    0.155959] Initializing cgroup subsys memory
[    0.157119] Initializing cgroup subsys devices
[    0.161848] Initializing cgroup subsys freezer
[    0.162544] Initializing cgroup subsys net_cls
[    0.163229] Initializing cgroup subsys perf_event
[    0.163935] Initializing cgroup subsys net_prio
[    0.164639] Initializing cgroup subsys hugetlb
[    0.165589] Initializing cgroup subsys pids
[    0.194831] mce: CPU supports 0 MCE banks
[    0.195605] Last level iTLB entries: 4KB 0, 2MB 0, 4MB 0
[    0.197141] Last level dTLB entries: 4KB 0, 2MB 0, 4MB 0, 1GB 0
[    0.198089] Spectre V1 : Mitigation: usercopy/swapgs barriers and __user pointer sanitization
[    0.199368] Spectre V2 : Mitigation: Full generic retpoline
[    0.200134] Spectre V2 : Spectre v2 / SpectreRSB mitigation: Filling RSB on context switch
[    0.201488] Speculative Store Bypass: Vulnerable
[    0.202314] MDS: Mitigation: Clear CPU buffers
[    0.205332] Freeing SMP alternatives memory: 36K
[    0.211868] ftrace: allocating 32380 entries in 127 pages
[    0.271347] smpboot: APIC(0) Converting physical 0 to logical package 0
[    0.272303] smpboot: Max logical packages: 1
[    0.273286] x2apic enabled
[    0.274095] Switched APIC routing to physical x2apic.
[    0.276159] ..TIMER: vector=0x30 apic1=0 pin1=2 apic2=-1 pin2=-1
[    0.385201] smpboot: CPU0: 11th Gen Intel(R) Core(TM) i5-1135G7 @ 2.40GHz (family: 0x6, model: 0x8c, stepping: 0x1)
[    0.387041] Performance Events: unsupported p6 CPU model 140 no PMU driver, software events only.
[    0.397494] KVM setup paravirtual spinlock
[    0.399015] x86: Booting SMP configuration:
[    0.399622] .... node  #0, CPUs:      #1
[    0.400247] kvm-clock: cpu 1, msr 0:3ffe3041, secondary cpu clock
[    0.427937] mce: CPU supports 0 MCE banks
[    0.431279] x86: Booted up 1 node, 2 CPUs
[    0.432089] smpboot: Total of 2 processors activated (5529.60 BogoMIPS)
[    0.433460] devtmpfs: initialized
[    0.434937] evm: security.selinux
[    0.435543] evm: security.SMACK64
[    0.436150] evm: security.SMACK64EXEC
[    0.436809] evm: security.SMACK64TRANSMUTE
[    0.437525] evm: security.SMACK64MMAP
[    0.438204] evm: security.ima
[    0.438953] evm: security.capability
[    0.439678] clocksource: jiffies: mask: 0xffffffff max_cycles: 0xffffffff, max_idle_ns: 7645041785100000 ns
[    0.441170] futex hash table entries: 512 (order: 3, 32768 bytes)
[    0.442215] pinctrl core: initialized pinctrl subsystem
[    0.443076] RTC time:  0:47:36, date: 09/09/22
[    0.444437] NET: Registered protocol family 16
[    0.457210] cpuidle: using governor ladder
[    0.469286] cpuidle: using governor menu
[    0.469964] PCCT header not found.
[    0.470680] ACPI: bus type PCI registered
[    0.471281] acpiphp: ACPI Hot Plug PCI Controller Driver version: 0.5
[    0.472220] PCI: Using configuration type 1 for base access
[    0.485828] ACPI: Added _OSI(Module Device)
[    0.486497] ACPI: Added _OSI(Processor Device)
[    0.487208] ACPI: Added _OSI(3.0 _SCP Extensions)
[    0.487895] ACPI: Added _OSI(Processor Aggregator Device)
[    0.489408] ACPI: Executed 1 blocks of module-level executable AML code
[    0.493933] ACPI: Interpreter enabled
[    0.494486] ACPI: (supports S0 S5)
[    0.494989] ACPI: Using IOAPIC for interrupt routing
[    0.495755] PCI: Using host bridge windows from ACPI; if necessary, use "pci=nocrs" and report a bug
[    0.499328] ACPI: PCI Root Bridge [PCI0] (domain 0000 [bus 00-ff])
[    0.500111] acpi PNP0A03:00: _OSC: OS supports [ASPM ClockPM Segments MSI]
[    0.501151] acpi PNP0A03:00: _OSC: not requesting OS control; OS requires [ExtendedConfig ASPM ClockPM MSI]
[    0.503499] acpi PNP0A03:00: fail to add MMCONFIG information, can't access extended PCI configuration space under this bridge.
[    0.505696] PCI host bridge to bus 0000:00
[    0.506372] pci_bus 0000:00: root bus resource [io  0x0000-0x0cf7 window]
[    0.507419] pci_bus 0000:00: root bus resource [io  0x0d00-0xffff window]
[    0.508730] pci_bus 0000:00: root bus resource [mem 0x000a0000-0x000bffff window]
[    0.510122] pci_bus 0000:00: root bus resource [mem 0x40000000-0xfdffffff window]
[    0.511737] pci_bus 0000:00: root bus resource [bus 00-ff]
[    0.513971] pci 0000:00:01.1: legacy IDE quirk: reg 0x10: [io  0x01f0-0x01f7]
[    0.514950] pci 0000:00:01.1: legacy IDE quirk: reg 0x14: [io  0x03f6]
[    0.515795] pci 0000:00:01.1: legacy IDE quirk: reg 0x18: [io  0x0170-0x0177]
[    0.516793] pci 0000:00:01.1: legacy IDE quirk: reg 0x1c: [io  0x0376]
[    0.534316] pci 0000:00:07.0: quirk: [io  0x4000-0x403f] claimed by PIIX4 ACPI
[    0.535436] pci 0000:00:07.0: quirk: [io  0x4100-0x410f] claimed by PIIX4 SMB
[    0.541831] ACPI: PCI Interrupt Link [LNKA] (IRQs 5 9 10 *11)
[    0.543661] ACPI: PCI Interrupt Link [LNKB] (IRQs 5 9 *10 11)
[    0.545067] ACPI: PCI Interrupt Link [LNKC] (IRQs 5 *9 10 11)
[    0.546431] ACPI: PCI Interrupt Link [LNKD] (IRQs 5 9 10 *11)
[    0.547843] ACPI: Enabled 2 GPEs in block 00 to 07
[    0.549071] vgaarb: setting as boot device: PCI:0000:00:02.0
[    0.550002] vgaarb: device added: PCI:0000:00:02.0,decodes=io+mem,owns=io+mem,locks=none
[    0.551266] vgaarb: loaded
[    0.551801] vgaarb: bridge control possible 0000:00:02.0
[    0.552850] SCSI subsystem initialized
[    0.553675] ACPI: bus type USB registered
[    0.554389] usbcore: registered new interface driver usbfs
[    0.555265] usbcore: registered new interface driver hub
[    0.556126] usbcore: registered new device driver usb
[    0.557857] PCI: Using ACPI for IRQ routing
[    0.559034] NetLabel: Initializing
[    0.559621] NetLabel:  domain hash size = 128
[    0.560212] NetLabel:  protocols = UNLABELED CIPSOv4
[    0.560861] NetLabel:  unlabeled traffic allowed by default
[    0.561717] amd_nb: Cannot enumerate AMD northbridges
[    0.562410] clocksource: Switched to clocksource kvm-clock
[    0.568174] AppArmor: AppArmor Filesystem Enabled
[    0.568958] pnp: PnP ACPI init
[    0.570039] pnp: PnP ACPI: found 3 devices
[    0.577598] clocksource: acpi_pm: mask: 0xffffff max_cycles: 0xffffff, max_idle_ns: 2085701024 ns
[    0.579344] NET: Registered protocol family 2
[    0.580183] TCP established hash table entries: 8192 (order: 4, 65536 bytes)
[    0.581165] TCP bind hash table entries: 8192 (order: 5, 131072 bytes)
[    0.582062] TCP: Hash tables configured (established 8192 bind 8192)
[    0.582989] UDP hash table entries: 512 (order: 2, 16384 bytes)
[    0.583840] UDP-Lite hash table entries: 512 (order: 2, 16384 bytes)
[    0.584745] NET: Registered protocol family 1
[    0.585382] pci 0000:00:00.0: Limiting direct PCI/PCI transfers
[    0.586176] pci 0000:00:01.0: Activating ISA DMA hang workarounds
[    0.587113] Unpacking initramfs...
[    0.780086] Freeing initrd memory: 14888K
[    0.781042] clocksource: tsc: mask: 0xffffffffffffffff max_cycles: 0x13ed2e4df6c, max_idle_ns: 440795243303 ns
[    0.782765] platform rtc_cmos: registered platform RTC device (no PNP device found)
[    0.784128] Scanning for low memory corruption every 60 seconds
[    0.785454] audit: initializing netlink subsys (disabled)
[    0.786550] audit: type=2000 audit(1662684461.387:1): initialized
[    0.787587] Initialise system trusted keyring
[    0.788348] HugeTLB registered 2 MB page size, pre-allocated 0 pages
[    0.791422] zbud: loaded
[    0.792461] VFS: Disk quotas dquot_6.6.0
[    0.793423] VFS: Dquot-cache hash table entries: 512 (order 0, 4096 bytes)
[    0.794579] squashfs: version 4.0 (2009/01/31) Phillip Lougher
[    0.795617] fuse init (API version 7.23)
[    0.796313] Key type big_key registered
[    0.796918] Allocating IMA MOK and blacklist keyrings.
[    0.798023] Key type asymmetric registered
[    0.798610] Asymmetric key parser 'x509' registered
[    0.799331] Block layer SCSI generic (bsg) driver version 0.4 loaded (major 249)
[    0.800507] io scheduler noop registered
[    0.801148] io scheduler deadline registered (default)
[    0.801906] io scheduler cfq registered
[    0.802589] pci_hotplug: PCI Hot Plug PCI Core version: 0.5
[    0.803420] pciehp: PCI Express Hot Plug Controller Driver version: 0.4
[    0.804448] ACPI: AC Adapter [AC] (on-line)
[    0.805230] input: Power Button as /devices/LNXSYSTM:00/LNXPWRBN:00/input/input0
[    0.806564] ACPI: Power Button [PWRF]
[    0.807373] input: Sleep Button as /devices/LNXSYSTM:00/LNXSLPBN:00/input/input1
[    0.808689] ACPI: Sleep Button [SLPF]
[    0.810023] ACPI: Battery Slot [BAT0] (battery present)
[    0.810958] GHES: HEST is not enabled!
[    0.811752] Serial: 8250/16550 driver, 32 ports, IRQ sharing enabled
[    0.833143] 00:02: ttyS0 at I/O 0x3f8 (irq = 4, base_baud = 115200) is a 16550A
[    0.835278] Linux agpgart interface v0.103
[    0.836906] loop: module loaded
[    0.837818] scsi host0: ata_piix
[    0.838482] scsi host1: ata_piix
[    0.839054] ata1: PATA max UDMA/33 cmd 0x1f0 ctl 0x3f6 bmdma 0xd000 irq 14
[    0.840188] ata2: PATA max UDMA/33 cmd 0x170 ctl 0x376 bmdma 0xd008 irq 15
[    0.841369] libphy: Fixed MDIO Bus: probed
[    0.842027] tun: Universal TUN/TAP device driver, 1.6
[    0.842827] tun: (C) 1999-2004 Max Krasnyansky <maxk@qualcomm.com>
[    0.844008] PPP generic driver version 2.4.2
[    0.844837] ehci_hcd: USB 2.0 'Enhanced' Host Controller (EHCI) Driver
[    0.845941] ehci-pci: EHCI PCI platform driver
[    0.846713] ehci-platform: EHCI generic platform driver
[    0.847582] ohci_hcd: USB 1.1 'Open' Host Controller (OHCI) Driver
[    0.848557] ohci-pci: OHCI PCI platform driver
[    0.849305] ohci-platform: OHCI generic platform driver
[    0.850166] uhci_hcd: USB Universal Host Controller Interface driver
[    0.851207] i8042: PNP: PS/2 Controller [PNP0303:PS2K,PNP0f03:PS2M] at 0x60,0x64 irq 1,12
[    0.852829] serio: i8042 KBD port at 0x60,0x64 irq 1
[    0.854026] serio: i8042 AUX port at 0x60,0x64 irq 12
[    0.855601] mousedev: PS/2 mouse device common for all mice
[    0.857518] input: AT Translated Set 2 keyboard as /devices/platform/i8042/serio0/input/input2
[    0.858942] rtc_cmos rtc_cmos: rtc core: registered rtc_cmos as rtc0
[    0.860282] rtc_cmos rtc_cmos: alarms up to one day, 114 bytes nvram
[    0.861196] i2c /dev entries driver
[    0.861813] device-mapper: uevent: version 1.0.3
[    0.862567] device-mapper: ioctl: 4.34.0-ioctl (2015-10-28) initialised: dm-devel@redhat.com
[    0.863820] ledtrig-cpu: registered to indicate activity on CPUs
[    0.864926] NET: Registered protocol family 10
[    0.865754] NET: Registered protocol family 17
[    0.866444] Key type dns_resolver registered
[    0.867272] registered taskstats version 1
[    0.867835] Loading compiled-in X.509 certificates
[    0.868945] Loaded X.509 cert 'Build time autogenerated kernel key: cf00e047681d67edb2720680708b7d9498083038'
[    0.870209] zswap: loaded using pool lzo/zbud
[    0.872153] Key type trusted registered
[    0.875699] Key type encrypted registered
[    0.876391] AppArmor: AppArmor sha1 policy hashing enabled
[    0.877323] ima: No TPM chip found, activating TPM-bypass!
[    0.878256] ima: Allocated hash algorithm: sha1
[    0.879145] evm: HMAC attrs: 0x1
[    0.880019]   Magic number: 6:925:758
[    0.880705] tty ttyS9: hash matches
[    0.881354] rtc_cmos rtc_cmos: setting system clock to 2022-09-09 00:47:37 UTC (1662684457)
[    0.882559] BIOS EDD facility v0.16 2004-Jun-25, 0 devices found
[    0.883310] EDD information not available.
[    1.771987] Freeing unused kernel memory: 1492K
[    1.773607] Write protecting the kernel read-only data: 14336k
[    1.775657] Freeing unused kernel memory: 1584K
[    1.776630] Freeing unused kernel memory: 52K
Loading, please wait...
starting version 229
[    1.793908] random: systemd-udevd: uninitialized urandom read (16 bytes read, 3 bits of entropy available)
[    1.795210] random: udevadm: uninitialized urandom read (16 bytes read, 3 bits of entropy available)
[    1.795258] random: udevadm: uninitialized urandom read (16 bytes read, 3 bits of entropy available)
[    1.800208] random: systemd-udevd: uninitialized urandom read (16 bytes read, 3 bits of entropy available)
[    1.802375] random: systemd-udevd: uninitialized urandom read (16 bytes read, 3 bits of entropy available)
[    1.804199] random: systemd-udevd: uninitialized urandom read (16 bytes read, 3 bits of entropy available)
[    1.805218] random: udevadm: uninitialized urandom read (16 bytes read, 3 bits of entropy available)
[    1.805279] random: udevadm: uninitialized urandom read (16 bytes read, 3 bits of entropy available)
[    1.805432] random: udevadm: uninitialized urandom read (16 bytes read, 3 bits of entropy available)
[    1.805495] random: udevadm: uninitialized urandom read (16 bytes read, 3 bits of entropy available)
[    1.885350] Fusion MPT base driver 3.04.20
[    1.886834] Copyright (c) 1999-2008 LSI Corporation
[    1.910978] e1000: Intel(R) PRO/1000 Network Driver - version 7.3.21-k8-NAPI
[    1.912427] e1000: Copyright (c) 1999-2006 Intel Corporation.
[    1.921283] AVX2 version of gcm_enc/dec engaged.
[    1.922669] AES CTR mode by8 optimization enabled
[    1.923726] Fusion MPT SPI Host driver 3.04.20
[    2.118175] input: ImExPS/2 Generic Explorer Mouse as /devices/platform/i8042/serio1/input/input4
[    2.266608] e1000 0000:00:03.0 eth0: (PCI:33MHz:32-bit) 02:be:82:6b:cc:1d
[    2.267991] e1000 0000:00:03.0 eth0: Intel(R) PRO/1000 Network Connection
[    2.618670] e1000 0000:00:08.0 eth1: (PCI:33MHz:32-bit) 08:00:27:2f:11:a2
[    2.619603] e1000 0000:00:08.0 eth1: Intel(R) PRO/1000 Network Connection
[    2.621724] mptbase: ioc0: Initiating bringup
[    2.622162] e1000 0000:00:03.0 enp0s3: renamed from eth0
[    2.639671] e1000 0000:00:08.0 enp0s8: renamed from eth1
[    2.767357] ioc0: LSI53C1030 A0: Capabilities={Initiator}
[    4.439700] scsi host2: ioc0: LSI53C1030 A0, FwRev=00000000h, Ports=1, MaxQ=256, IRQ=20
[    5.779239] scsi 2:0:0:0: Direct-Access     VBOX     HARDDISK         1.0  PQ: 0 ANSI: 5
[    5.782633] scsi target2:0:0: Beginning Domain Validation
[    5.785744] scsi target2:0:0: Domain Validation skipping write tests
[    5.787737] scsi target2:0:0: Ending Domain Validation
[    5.789130] scsi target2:0:0: asynchronous
[    5.790805] scsi 2:0:1:0: Direct-Access     VBOX     HARDDISK         1.0  PQ: 0 ANSI: 5
[    5.801535] scsi target2:0:1: Beginning Domain Validation
[    5.802806] scsi target2:0:1: Domain Validation skipping write tests
[    5.803582] scsi target2:0:1: Ending Domain Validation
[    5.804306] scsi target2:0:1: asynchronous
[    5.807345] sd 2:0:0:0: [sda] 83886080 512-byte logical blocks: (42.9 GB/40.0 GiB)
[    5.808733] sd 2:0:0:0: Attached scsi generic sg0 type 0
[    5.809858] sd 2:0:0:0: [sda] Write Protect is off
[    5.810655] sd 2:0:1:0: [sdb] 20480 512-byte logical blocks: (10.5 MB/10.0 MiB)
[    5.811731] sd 2:0:1:0: Attached scsi generic sg1 type 0
[    5.812570] sd 2:0:0:0: [sda] Incomplete mode parameter data
[    5.813465] sd 2:0:0:0: [sda] Assuming drive cache: write through
[    5.814429] sd 2:0:1:0: [sdb] Write Protect is off
[    5.815205] sd 2:0:1:0: [sdb] Incomplete mode parameter data
[    5.816117] sd 2:0:1:0: [sdb] Assuming drive cache: write through
[    5.817555]  sda: sda1
[    5.818576] sd 2:0:1:0: [sdb] Attached SCSI disk
[    5.819605] sd 2:0:0:0: [sda] Attached SCSI disk
Begin: Loading essential drivers ... [    7.052276] md: linear personality registered for level -1
[    7.055107] md: multipath personality registered for level -4
[    7.057793] md: raid0 personality registered for level 0
[    7.060799] md: raid1 personality registered for level 1
[    7.130427] raid6: sse2x1   gen() 12116 MB/s
[    7.198456] raid6: sse2x1   xor()  8809 MB/s
[    7.266453] raid6: sse2x2   gen() 20798 MB/s
[    7.334430] raid6: sse2x2   xor() 12897 MB/s
[    7.402447] raid6: sse2x4   gen() 18129 MB/s
[    7.470461] raid6: sse2x4   xor() 10593 MB/s
[    7.538638] raid6: avx2x1   gen() 24044 MB/s
[    7.609162] raid6: avx2x2   gen() 30238 MB/s
[    7.674426] raid6: avx2x4   gen() 35709 MB/s
[    7.675109] raid6: using algorithm avx2x4 gen() 35709 MB/s
[    7.675812] raid6: using avx2x2 recovery algorithm
[    7.677643] xor: automatically using best checksumming function:
[    7.754615]    avx       : 109064.000 MB/sec
[    7.756422] async_tx: api initialized (async)
[    7.764673] md: raid6 personality registered for level 6
[    7.765998] md: raid5 personality registered for level 5
[    7.767470] md: raid4 personality registered for level 4
[    7.773489] md: raid10 personality registered for level 10
done.
Begin: Running /scripts/init-premount ... done.
Begin: Mounting root file system ... Begin: Running /scripts/local-top ... done.
Begin: Running /scripts/local-premount ... [    7.795078] Btrfs loaded
Scanning for Btrfs filesystems
done.
Warning: fsck not present, so skipping root file system
[    7.813977] EXT4-fs (sda1): INFO: recovery required on readonly filesystem
[    7.814855] EXT4-fs (sda1): write access will be enabled during recovery
[    7.823176] EXT4-fs (sda1): recovery complete
[    7.823899] EXT4-fs (sda1): mounted filesystem with ordered data mode. Opts: (null)
done.
Begin: Running /scripts/local-bottom ... done.
Begin: Running /scripts/init-bottom ... done.
[    7.884541] systemd[1]: systemd 229 running in system mode. (+PAM +AUDIT +SELINUX +IMA +APPARMOR +SMACK +SYSVINIT +UTMP +LIBCRYPTSETUP +GCRYPT +GNUTLS +ACL +XZ -LZ4 +SECCOMP +BLKID +ELFUTILS +KMOD -IDN)
[    7.887026] systemd[1]: Detected virtualization oracle.
[    7.887905] systemd[1]: Detected architecture x86-64.

Welcome to [1mUbuntu 16.04.7 LTS[0m!

[    7.890682] systemd[1]: Set hostname to <knode03>.
[    7.958970] systemd[1]: Configuration file /lib/systemd/system/kubelet.service is marked world-inaccessible. This has no effect as configuration data is accessible via APIs without restrictions. Proceeding anyway.
[    7.962099] systemd[1]: Configuration file /etc/systemd/system/kubelet.service.d/10-kubeadm.conf is marked world-inaccessible. This has no effect as configuration data is accessible via APIs without restrictions. Proceeding anyway.
[    7.983290] systemd[1]: Reached target System Time Synchronized.
[[0;32m  OK  [0m] Reached target System Time Synchronized.
[    7.984923] systemd[1]: Listening on LVM2 metadata daemon socket.
[[0;32m  OK  [0m] Listening on LVM2 metadata daemon socket.
[    7.990620] systemd[1]: Started Forward Password Requests to Wall Directory Watch.
[[0;32m  OK  [0m] Started Forward Password Requests to Wall Directory Watch.
[    7.992513] systemd[1]: Listening on udev Kernel Socket.
[[0;32m  OK  [0m] Listening on udev Kernel Socket.
[    7.993824] systemd[1]: Listening on LVM2 poll daemon socket.
[[0;32m  OK  [0m] Listening on LVM2 poll daemon socket.
[    7.995308] systemd[1]: Listening on Syslog Socket.
[[0;32m  OK  [0m] Listening on Syslog Socket.
[    7.996507] systemd[1]: Listening on /dev/initctl Compatibility Named Pipe.
[[0;32m  OK  [0m] Listening on /dev/initctl Compatibility Named Pipe.
[    7.998387] systemd[1]: Created slice System Slice.
[[0;32m  OK  [0m] Created slice System Slice.
[    7.999951] systemd[1]: Set up automount Arbitrary Executable File Formats File System Automount Point.
[[0;32m  OK  [0m] Set up automount Arbitrary Executab...ats File System Automount Point.
[    8.002360] systemd[1]: Reached target Swap.
[[0;32m  OK  [0m] Reached target Swap.
[    8.003720] systemd[1]: Reached target Encrypted Volumes.
[[0;32m  OK  [0m] Reached target Encrypted Volumes.
[    8.005115] systemd[1]: Listening on Journal Socket (/dev/log).
[[0;32m  OK  [0m] Listening on Journal Socket (/dev/log).
[    8.007158] systemd[1]: Created slice system-serial\x2dgetty.slice.
[[0;32m  OK  [0m] Created slice system-serial\x2dgetty.slice.
[    8.008598] systemd[1]: Reached target User and Group Name Lookups.
[[0;32m  OK  [0m] Reached target User and Group Name Lookups.
[    8.010142] systemd[1]: Created slice User and Session Slice.
[[0;32m  OK  [0m] Created slice User and Session Slice.
[    8.011492] systemd[1]: Reached target Slices.
[[0;32m  OK  [0m] Reached target Slices.
[    8.012608] systemd[1]: Listening on Journal Socket.
[[0;32m  OK  [0m] Listening on Journal Socket.
[    8.022650] systemd[1]: Mounting Debug File System...
         Mounting Debug File System...
[    8.024649] systemd[1]: Starting Set console keymap...
         Starting Set console keymap...
[    8.026557] systemd[1]: Starting Nameserver information manager...
         Starting Nameserver information manager...
[    8.030211] systemd[1]: Mounting POSIX Message Queue File System...
         Mounting POSIX Message Queue File System...
[    8.032373] systemd[1]: Listening on fsck to fsckd communication Socket.
[[0;32m  OK  [0m] Listening on fsck to fsckd communication Socket.
[    8.036245] systemd[1]: Starting Load Kernel Modules...
         Starting Load Kernel Modules...
[    8.037895] systemd[1]: Listening on Journal Audit Socket.
[[0;32m  OK  [0m] Listening on Journal Audit Socket.
[    8.040280] systemd[1]: Starting Journal Service...
         Starting Journal Service...
[    8.043380] systemd[1]: Starting Create list of required static device nodes for the current kernel...
         Starting Create list of required st... nodes for the current kernel...
[    8.047330] systemd[1]: Mounting Huge Pages File System...
         Mounting Huge Pages File System...
[    8.049841] systemd[1]: Listening on udev Control Socket.
[    8.051072] Loading iSCSI transport class v2.0-870.
[[0;32m  OK  [0m] Listening on udev Control Socket.
[    8.054054] systemd[1]: Listening on Device-mapper event daemon FIFOs.
[[0;32m  OK  [0m] Listening on Device-mapper event daemon FIFOs.
[    8.056758] systemd[1]: Starting Monitoring of LVM2 mirrors, snapshots etc. using dmeventd or progress polling...
         Starting Monitoring of LVM2 mirrors... dmeventd or progress polling...
[    8.061843] systemd[1]: Starting File System Check on Root Device...
         Starting File System Check on Root Device...
[    8.063905] systemd[1]: Started Trigger resolvconf update for networkd DNS.
[[0;32m  OK  [0m] Started Trigger resolvconf update for networkd DNS.
[    8.067659] systemd[1]: Mounted Huge Pages File System.
[[0;32m  OK  [0m] Mounted Huge Pages File System.
[    8.069398] systemd[1]: Mounted POSIX Message Queue File System.
[[0;32m  OK  [0m] Mounted POSIX Message Queue File System.
[    8.071236] systemd[1]: Mounted Debug File System.
[[0;32m  OK  [0m] Mounted Debug File System.
[    8.074189] systemd[1]: Started Create list of required static device nodes for the current kernel.
[[0;32m  OK  [0m] Started Create list of required sta...ce nodes for the current kernel.
[    8.078823] systemd[1]: Started LVM2 metadata daemon.
[[0;32m  OK  [0m] Started LVM2 metadata daemon.
[    8.082204] systemd[1]: Started File System Check Daemon to report status.
[[0;32m  OK  [0m] Started File System Check Daemon to report status.
[    8.084997] systemd[1]: Starting Create Static Device Nodes in /dev...
         Starting Create Static Device Nodes in /dev...
[    8.088171] systemd[1]: Started Nameserver information manager.
[[0;32m  OK  [0m] Started Nameserver information manager.
[    8.091873] iscsi: registered transport (tcp)
[    8.095891] systemd[1]: Started File System Check on Root Device.
[[0;32m  OK  [0m] Started File System Check on Root Device.
[    8.098350] systemd[1]: Starting Remount Root and Kernel File Systems...
         Starting Remount Root and Kernel File Systems...
[    8.102069] systemd[1]: Started Create Static Device Nodes in /dev.
[[0;32m  OK  [0m] Started Create Static Device Nodes in /dev.
[    8.105392] systemd[1]: Starting udev Kernel Device Manager...
         Starting udev Kernel Device Manager...
[    8.107619] systemd[1]: Started Set console keymap.
[[0;32m  OK  [0m] Started Set console keymap.
[    8.110818] EXT4-fs (sda1): re-mounted. Opts: (null)
[    8.113091] systemd[1]: Started Remount Root and Kernel File Systems.
[[0;32m  OK  [0m] Started Remount Root and Kernel File Systems.
[    8.115404] systemd[1]: Starting Load/Save Random Seed...
         Starting Load/Save Random Seed...
[    8.119276] systemd[1]: Starting udev Coldplug all Devices...
         Starting udev Coldplug all Devices...
[    8.121627] systemd[1]: Started Journal Service.
[[0;32m  OK  [0m] Started Journal Service.
         Starting Flush Journal to Persistent Storage...
[[0;32m  OK  [0m] Started Load/Save Random Seed.
[    8.131409] systemd-journald[382]: Received request to flush runtime journal from PID 1
[[0;32m  OK  [0m] Started Flush Journal to Persistent Storage.
[[0;32m  OK  [0m] Started udev Kernel Device Manager.
[    8.152244] iscsi: registered transport (iser)
[[0;32m  OK  [0m] Started Load Kernel Modules.
         Mounting FUSE Control File System...
         Starting Apply Kernel Variables...
[[0;32m  OK  [0m] Mounted FUSE Control File System.
[[0;32m  OK  [0m] Started Apply Kernel Variables.
[[0;32m  OK  [0m] Started udev Coldplug all Devices.
[[0;32m  OK  [0m] Started Dispatch Password Requests to Console Directory Watch.
[[0;32m  OK  [0m] Found device /dev/ttyS0.
[[0;32m  OK  [0m] Listening on Load/Save RF Kill Switch Status /dev/rfkill Watch.
[[0;32m  OK  [0m] Found device 82540EM Gigabit Ethern...r (PRO/1000 MT Desktop Adapter).
[[0;32m  OK  [0m] Found device 82540EM Gigabit Ethern...r (PRO/1000 MT Desktop Adapter).
[[0;32m  OK  [0m] Started Monitoring of LVM2 mirrors,...ng dmeventd or progress polling.
[[0;32m  OK  [0m] Reached target Local File Systems (Pre).
[[0;32m  OK  [0m] Reached target Local File Systems.
         Starting Set console font and keymap...
         Starting Initial cloud-init job (pre-networking)...
         Starting Tell Plymouth To Write Out Runtime Data...
         Starting LSB: ebtables ruleset management...
         Starting Create Volatile Files and Directories...
         Starting LSB: AppArmor initialization...
[[0;32m  OK  [0m] Started Create Volatile Files and Directories.
[[0;32m  OK  [0m] Started Tell Plymouth To Write Out Runtime Data.
         Starting Update UTMP about System Boot/Shutdown...
[[0;32m  OK  [0m] Started Update UTMP about System Boot/Shutdown.
[[0;32m  OK  [0m] Started LSB: ebtables ruleset management.
[[0;32m  OK  [0m] Started LSB: AppArmor initialization.
         Starting Load AppArmor profiles managed internally by snapd...
[[0;32m  OK  [0m] Started Load AppArmor profiles managed internally by snapd.
[[0;32m  OK  [0m] Started Set console font and keymap.
[[0;32m  OK  [0m] Created slice system-getty.slice.
[    8.982489] cloud-init[648]: Cloud-init v. 21.1-19-gbad84ad4-0ubuntu1~16.04.2 running 'init-local' at Fri, 09 Sep 2022 00:47:45 +0000. Up 8.84 seconds.
[[0;32m  OK  [0m] Started Initial cloud-init job (pre-networking).
[[0;32m  OK  [0m] Reached target Network (Pre).
[[0;32m  OK  [0m] Started ifup for enp0s3.
         Starting Raise network interfaces...
[[0;32m  OK  [0m] Started ifup for enp0s8.
[[0;32m  OK  [0m] Started Raise network interfaces.
[[0;32m  OK  [0m] Reached target Network.
         Starting Initial cloud-init job (metadata service crawler)...
[    9.450814] cloud-init[1086]: Cloud-init v. 21.1-19-gbad84ad4-0ubuntu1~16.04.2 running 'init' at Fri, 09 Sep 2022 00:47:46 +0000. Up 9.31 seconds.
[    9.452175] cloud-init[1086]: ci-info: ++++++++++++++++++++++++++++++++++++++Net device info+++++++++++++++++++++++++++++++++++++++
[    9.453392] cloud-init[1086]: ci-info: +--------+------+-----------------------------+---------------+--------+-------------------+
[    9.454419] cloud-init[1086]: ci-info: | Device |  Up  |           Address           |      Mask     | Scope  |     Hw-Address    |
[    9.455597] cloud-init[1086]: ci-info: +--------+------+-----------------------------+---------------+--------+-------------------+
[    9.456776] cloud-init[1086]: ci-info: | enp0s3 | True |          10.0.2.15          | 255.255.255.0 | global | 02:be:82:6b:cc:1d |
[    9.457851] cloud-init[1086]: ci-info: | enp0s3 | True |  fe80::be:82ff:fe6b:cc1d/64 |       .       |  link  | 02:be:82:6b:cc:1d |
[    9.458929] cloud-init[1086]: ci-info: | enp0s8 | True |        192.168.57.12        | 255.255.255.0 | global | 08:00:27:2f:11:a2 |
[    9.460019] cloud-init[1086]: ci-info: | enp0s8 | True | fe80::a00:27ff:fe2f:11a2/64 |       .       |  link  | 08:00:27:2f:11:a2 |
[    9.461182] cloud-init[1086]: ci-info: |   lo   | True |          127.0.0.1          |   255.0.0.0   |  host  |         .         |
[    9.462238] cloud-init[1086]: ci-info: |   lo   | True |           ::1/128           |       .       |  host  |         .         |
[    9.463365] cloud-init[1086]: ci-info: +--------+------+-----------------------------+---------------+--------+-------------------+
[    9.464477] cloud-init[1086]: ci-info: ++++++++++++++++++++++++++++Route IPv4 info++++++++++++++++++++++++++++
[    9.465394] cloud-init[1086]: ci-info: +-------+--------------+----------+---------------+-----------+-------+
[    9.466322] cloud-init[1086]: ci-info: | Route | Destination  | Gateway  |    Genmask    | Interface | Flags |
[    9.467225] cloud-init[1086]: ci-info: +-------+--------------+----------+---------------+-----------+-------+
[    9.468244] cloud-init[1086]: ci-info: |   0   |   0.0.0.0    | 10.0.2.2 |    0.0.0.0    |   enp0s3  |   UG  |
[    9.469178] cloud-init[1086]: ci-info: |   1   |   10.0.2.0   | 0.0.0.0  | 255.255.255.0 |   enp0s3  |   U   |
[    9.470065] cloud-init[1086]: ci-info: |   2   | 192.168.57.0 | 0.0.0.0  | 255.255.255.0 |   enp0s8  |   U   |
[    9.471021] cloud-init[1086]: ci-info: +-------+--------------+----------+---------------+-----------+-------+
[    9.472219] cloud-init[1086]: ci-info: +++++++++++++++++++Route IPv6 info+++++++++++++++++++
[    9.473504] cloud-init[1086]: ci-info: +-------+-------------+---------+-----------+-------+
[    9.474806] cloud-init[1086]: ci-info: | Route | Destination | Gateway | Interface | Flags |
[    9.476029] cloud-init[1086]: ci-info: +-------+-------------+---------+-----------+-------+
[    9.477441] cloud-init[1086]: ci-info: |   0   |  fe80::/64  |    ::   |   enp0s8  |   U   |
[    9.478456] cloud-init[1086]: ci-info: |   1   |  fe80::/64  |    ::   |   enp0s3  |   U   |
[    9.479431] cloud-init[1086]: ci-info: |   4   |   ff00::/8  |    ::   |   enp0s8  |   U   |
[    9.480458] cloud-init[1086]: ci-info: |   5   |   ff00::/8  |    ::   |   enp0s3  |   U   |
[    9.481462] cloud-init[1086]: ci-info: +-------+-------------+---------+-----------+-------+
[[0;32m  OK  [0m] Started Initial cloud-init job (metadata service crawler).
[[0;32m  OK  [0m] Reached target Cloud-config availability.
[[0;32m  OK  [0m] Reached target Network is Online.
         Starting iSCSI initiator daemon (iscsid)...
[[0;32m  OK  [0m] Reached target System Initialization.
[[0;32m  OK  [0m] Started Daily Cleanup of Temporary Directories.
         Starting LXD - unix socket.
[[0;32m  OK  [0m] Started Message of the Day.
         Starting Docker Socket for the API.
[[0;32m  OK  [0m] Started ACPI Events Check.
[[0;32m  OK  [0m] Reached target Paths.
[[0;32m  OK  [0m] Started Ubuntu Advantage update messaging.
         Starting Socket activation for snappy daemon.
[[0;32m  OK  [0m] Started Daily apt download activities.
[[0;32m  OK  [0m] Listening on D-Bus System Message Bus Socket.
[[0;32m  OK  [0m] Listening on ACPID Listen Socket.
[[0;32m  OK  [0m] Started Daily apt upgrade and clean activities.
[[0;32m  OK  [0m] Reached target Timers.
[[0;32m  OK  [0m] Listening on UUID daemon activation socket.
[[0;32m  OK  [0m] Listening on LXD - unix socket.
[[0;32m  OK  [0m] Listening on Docker Socket for the API.
[[0;32m  OK  [0m] Listening on Socket activation for snappy daemon.
[[0;32m  OK  [0m] Started iSCSI initiator daemon (iscsid).
         Starting Login to default iSCSI targets...
[[0;32m  OK  [0m] Reached target Sockets.
[[0;32m  OK  [0m] Reached target Basic System.
         Starting containerd container runtime...
         Starting LXD - container startup/shutdown...
         Starting Ubuntu Advantage APT and MOTD Messages...
         Starting LSB: MD monitoring daemon...
[[0;32m  OK  [0m] Started FUSE filesystem for LXC.
[[0;32m  OK  [0m] Started Regular background program processing daemon.
         Starting LSB: Record successful boot for GRUB...
         Starting System Logging Service...
         Starting /etc/rc.local Compatibility...
         Starting Virtualbox guest utils...
         Starting Accounts Service...
[[0;32m  OK  [0m] Started D-Bus System Message Bus.
[[0;32m  OK  [0m] Started kubelet: The Kubernetes Node Agent.
[[0;32m  OK  [0m] Started Deferred execution scheduler.
[[0;32m  OK  [0m] Started ACPI event daemon.
         Starting OpenBSD Secure Shell server...
         Starting Snap Daemon...
         Starting Login Service...
         Starting Message of the Day...
[[0;32m  OK  [0m] Started System Logging Service.
[[0;32m  OK  [0m] Started /etc/rc.local Compatibility.
[[0;32m  OK  [0m] Started Message of the Day.
[[0;32m  OK  [0m] Started LSB: MD monitoring daemon.
[[0;32m  OK  [0m] Started Login to default iSCSI targets.
[[0;32m  OK  [0m] Reached target Remote File Systems (Pre).
         Mounting /vagrant...
         Starting Authenticate and Authorize Users to Run Privileged Tasks...
[[0;32m  OK  [0m] Started Login Service.
[[0;32m  OK  [0m] Started LSB: Record successful boot for GRUB.
[[0;32m  OK  [0m] Started Unattended Upgrades Shutdown.
[[0;1;31mFAILED[0m] Failed to mount /vagrant.
See 'systemctl status vagrant.mount' for details.
[[0;1;33mDEPEND[0m] Dependency failed for Remote File Systems.
         Starting Permit User Sessions...
         Starting LSB: daemon to balance interrupts for SMP systems...
         Starting LSB: automatic crash report generation...
         Starting LSB: Set the CPU Frequency Scaling governor to "ondemand"...
[[0;32m  OK  [0m] Started OpenBSD Secure Shell server.
[[0;32m  OK  [0m] Started Permit User Sessions.
[[0;32m  OK  [0m] Started Authenticate and Authorize Users to Run Privileged Tasks.
         Starting Hold until boot process finishes up...
         Starting Terminate Plymouth Boot Screen...
[[0;32m  OK  [0m] Started Hold until boot process finishes up.
         Starting Set console scheme...
[[0;32m  OK  [0m] Started Serial Getty on ttyS0.
[[0;32m  OK  [0m] Started Getty on tty1.
[[0;32m  OK  [0m] Reached target Login Prompts.
[[0;32m  OK  [0m] Started Terminate Plymouth Boot Screen.
[[0;32m  OK  [0m] Started Set console scheme.
[[0;32m  OK  [0m] Started Accounts Service.
[[0;32m  OK  [0m] Started LSB: Set the CPU Frequency Scaling governor to "ondemand".
[[0;32m  OK  [0m] Started LSB: daemon to balance interrupts for SMP systems.
[[0;32m  OK  [0m] Started LXD - container startup/shutdown.
[[0;32m  OK  [0m] Started LSB: automatic crash report generation.
[[0;32m  OK  [0m] Started Virtualbox guest utils.
[[0;32m  OK  [0m] Started Snap Daemon.
         Starting Wait until snapd is fully seeded...
[[0;32m  OK  [0m] Started Wait until snapd is fully seeded.
         Starting Apply the settings specified in cloud-config...
[[0;32m  OK  [0m] Started containerd container runtime.
         Starting Docker Application Container Engine...
[[0;32m  OK  [0m] Started Kubernetes systemd probe.
[[0;32m  OK  [0m] Started Ubuntu Advantage APT and MOTD Messages.
[   10.436733] cloud-init[1381]: Cloud-init v. 21.1-19-gbad84ad4-0ubuntu1~16.04.2 running 'modules:config' at Fri, 09 Sep 2022 00:47:47 +0000. Up 10.37 seconds.
[[0;32m  OK  [0m] Started Apply the settings specified in cloud-config.
[[0;32m  OK  [0m] Created slice User Slice of vagrant.
         Starting User Manager for UID 1000...
[[0;32m  OK  [0m] Started Session 1 of user vagrant.
[[0;32m  OK  [0m] Started User Manager for UID 1000.
[[0;32m  OK  [0m] Started Docker Application Container Engine.
[[0;32m  OK  [0m] Reached target Multi-User System.
[[0;32m  OK  [0m] Reached target Graphical Interface.
         Starting Update UTMP about System Runlevel Changes...
         Starting Execute cloud user/final scripts...
[[0;32m  OK  [0m] Started Update UTMP about System Runlevel Changes.
[   13.480520] cloud-init[1796]: Cloud-init v. 21.1-19-gbad84ad4-0ubuntu1~16.04.2 running 'modules:fal' at Fri, 09 Sep 2022 00:47:50 +0000. Up 13.33 seconds.
[   13.481743] cloud-init[1796]: Cloud-init v. 21.1-19-gbad84ad4-0ubuntu1~16.04.2 finished at Fri, 09 Sep 2022 00:47:50 +0000. Datasource DataSourceNoCloud [seed=/dev/sdb][dsmode=net].  Up 13.47 seconds
[[0;32m  OK  [0m] Started Execute cloud user/final scripts.
         Starting Daily apt download activities...
[[0;32m  OK  [0m] Reached target Cloud-init target.

Ubuntu 16.04.7 LTS knode03 ttyS0

knode03 login: 